<?xml version="1.0" encoding="UTF-8"?>
<!-- Generated by org.testng.reporters.JUnitReportReporter -->
<testsuite hostname="SHUBHAM-PC" failures="0" tests="2" name="PBPomClassTest1.TestClass1" time="87.168" errors="0" timestamp="2023-07-06T03:31:13 PDT" skipped="0">
  <testcase classname="PBPomClassTest1.TestClass1" name="verifyFullName" time="41.378"/>
  <system-out/>
  <testcase classname="PBPomClassTest1.TestClass1" name="GetTextFromMypolicy" time="45.790"/>
  <system-out/>
</testsuite> <!-- PBPomClassTest1.TestClass1 -->
