<?xml version="1.0" encoding="UTF-8"?>
<!-- Generated by org.testng.reporters.JUnitReportReporter -->
<testsuite hostname="SHUBHAM-PC" failures="0" tests="2" name="PBPomClassTest1.TestClass1" time="66.241" errors="0" timestamp="2023-07-06T03:53:22 PDT" skipped="0">
  <testcase classname="PBPomClassTest1.TestClass1" name="verifyFullName" time="40.393"/>
  <system-out/>
  <testcase classname="PBPomClassTest1.TestClass1" name="GetTextFromMypolicy" time="25.848"/>
  <system-out/>
</testsuite> <!-- PBPomClassTest1.TestClass1 -->
