<?xml version="1.0" encoding="UTF-8"?>
<!-- Generated by org.testng.reporters.JUnitReportReporter -->
<testsuite hostname="SHUBHAM-PC" failures="0" tests="1" name="PB_module1_profile_Test.Test_POM_DDF_TestNG" time="41.599" errors="0" timestamp="2023-07-06T03:53:22 PDT" skipped="0">
  <testcase classname="PB_module1_profile_Test.Test_POM_DDF_TestNG" name="VerifyFullName" time="41.599"/>
  <system-out/>
</testsuite> <!-- PB_module1_profile_Test.Test_POM_DDF_TestNG -->
